-------------------------------------------------------------------------------
Test set: ar.edu.unlp.info.oo1.ejercicio4.CuerpoTest
-------------------------------------------------------------------------------
Tests run: 3, Failures: 1, Errors: 0, Skipped: 0, Time elapsed: 0.001 s <<< FAILURE! - in ar.edu.unlp.info.oo1.ejercicio4.CuerpoTest
testSuperficieExterior  Time elapsed: 0 s  <<< FAILURE!
org.opentest4j.AssertionFailedError: expected: <150.7961> but was: <94.24777960769379>
	at ar.edu.unlp.info.oo1.ejercicio4.CuerpoTest.testSuperficieExterior(CuerpoTest.java:38)

