<?xml version="1.0" encoding="UTF-8"?>
<testsuite xmlns:xsi="http://www.w3.org/2001/XMLSchema-instance" xsi:noNamespaceSchemaLocation="https://maven.apache.org/surefire/maven-surefire-plugin/xsd/surefire-test-report.xsd" name="ar.edu.unlp.info.ejercicio2.balanzaElectronica.BalanzaTest" time="0.001" tests="7" errors="0" skipped="0" failures="3">
  <properties>
[...]
</properties>
  <testcase name="testPesoTotal" classname="ar.edu.unlp.info.ejercicio2.balanzaElectronica.BalanzaTest" time="0"/>
  <testcase name="testPonerEnCero" classname="ar.edu.unlp.info.ejercicio2.balanzaElectronica.BalanzaTest" time="0"/>
  <testcase name="testEmitirTicket" classname="ar.edu.unlp.info.ejercicio2.balanzaElectronica.BalanzaTest" time="0.001">
    <failure message="expected: &lt;0.2&gt; but was: &lt;23.0&gt;" type="org.opentest4j.AssertionFailedError"><![CDATA[org.opentest4j.AssertionFailedError: expected: <0.2> but was: <23.0>
	at ar.edu.unlp.info.ejercicio2.balanzaElectronica.BalanzaTest.testEmitirTicket(BalanzaTest.java:64)
]]></failure>
  </testcase>
  <testcase name="testPrecioTotal" classname="ar.edu.unlp.info.ejercicio2.balanzaElectronica.BalanzaTest" time="0"/>
  <testcase name="testCantidadDeProductos" classname="ar.edu.unlp.info.ejercicio2.balanzaElectronica.BalanzaTest" time="0">
    <failure message="expected: &lt;2&gt; but was: &lt;1&gt;" type="org.opentest4j.AssertionFailedError"><![CDATA[org.opentest4j.AssertionFailedError: expected: <2> but was: <1>
	at ar.edu.unlp.info.ejercicio2.balanzaElectronica.BalanzaTest.testCantidadDeProductos(BalanzaTest.java:56)
]]></failure>
  </testcase>
  <testcase name="testAgregarProducto" classname="ar.edu.unlp.info.ejercicio2.balanzaElectronica.BalanzaTest" time="0">
    <failure message="expected: &lt;2&gt; but was: &lt;1&gt;" type="org.opentest4j.AssertionFailedError"><![CDATA[org.opentest4j.AssertionFailedError: expected: <2> but was: <1>
	at ar.edu.unlp.info.ejercicio2.balanzaElectronica.BalanzaTest.testAgregarProducto(BalanzaTest.java:47)
]]></failure>
  </testcase>
  <testcase name="testConstructor" classname="ar.edu.unlp.info.ejercicio2.balanzaElectronica.BalanzaTest" time="0"/>
</testsuite>